<?xml version="1.0" encoding="UTF-8"?>
<!-- Generated by org.testng.reporters.JUnitReportReporter -->
<testsuite hostname="Pagadala" failures="0" tests="4" name="Sdetqa.httprequests" time="3.524" errors="0" timestamp="2024-02-08T23:15:43 CST" skipped="0">
  <testcase classname="Sdetqa.httprequests" name="getUsers" time="2.160"/>
  <system-out/>
  <testcase classname="Sdetqa.httprequests" name="createUser" time="0.606"/>
  <system-out/>
  <testcase classname="Sdetqa.httprequests" name="updateUser" time="0.384"/>
  <system-out/>
  <testcase classname="Sdetqa.httprequests" name="deleteUser" time="0.374"/>
  <system-out/>
</testsuite> <!-- Sdetqa.httprequests -->
