<?xml version="1.0" encoding="UTF-8"?>
<!-- Generated by org.testng.reporters.JUnitReportReporter -->
<testsuite hostname="Pagadala" failures="0" tests="2" name="sdetqatwo.DiffwaysToCreatePostRequestBody" time="1.742" errors="0" timestamp="2024-02-09T19:56:12 CST" skipped="0">
  <testcase classname="sdetqatwo.DiffwaysToCreatePostRequestBody" name="testpostusingHashmap" time="1.701"/>
  <system-out/>
  <testcase classname="sdetqatwo.DiffwaysToCreatePostRequestBody" name="testDelte" time="0.041"/>
  <system-out/>
</testsuite> <!-- sdetqatwo.DiffwaysToCreatePostRequestBody -->
