<?xml version="1.0" encoding="UTF-8"?>
<!-- Generated by org.testng.reporters.JUnitReportReporter -->
<testsuite hostname="Pagadala" failures="0" tests="2" name="sdetqathree.HeadersDemo" time="1.751" errors="0" timestamp="2024-02-10T20:49:36 CST" skipped="0">
  <testcase classname="sdetqathree.HeadersDemo" name="testHeaders" time="1.551"/>
  <system-out/>
  <testcase classname="sdetqathree.HeadersDemo" name="getHeaders" time="0.200"/>
  <system-out/>
</testsuite> <!-- sdetqathree.HeadersDemo -->
