<?xml version="1.0" encoding="UTF-8"?>
<!-- Generated by org.testng.reporters.JUnitReportReporter -->
<testsuite hostname="Pagadala" failures="0" tests="1" name="sdetqathree.LoggingDemo" time="1.468" errors="0" timestamp="2024-02-10T20:43:22 CST" skipped="0">
  <testcase classname="sdetqathree.LoggingDemo" name="testLogs" time="1.468"/>
  <system-out/>
</testsuite> <!-- sdetqathree.LoggingDemo -->
