<?xml version="1.0" encoding="UTF-8"?>
<!-- Generated by org.testng.reporters.JUnitReportReporter -->
<testsuite hostname="Pagadala" failures="0" tests="1" name="sdetqathree.CookiesDemo" time="1.436" errors="0" timestamp="2024-02-10T20:09:25 CST" skipped="0">
  <testcase classname="sdetqathree.CookiesDemo" name="getCookesInfo" time="1.436"/>
  <system-out/>
</testsuite> <!-- sdetqathree.CookiesDemo -->
