<?xml version="1.0" encoding="UTF-8"?>
<!-- Generated by org.testng.reporters.JUnitReportReporter -->
<testsuite hostname="Pagadala" failures="0" tests="2" name="sdetqafour.ParsingJSONResponseData" time="2.061" errors="0" timestamp="2024-02-11T23:48:55 CST" skipped="0">
  <testcase classname="sdetqafour.ParsingJSONResponseData" name="testJsonResponse" time="2.028"/>
  <system-out/>
  <testcase classname="sdetqafour.ParsingJSONResponseData" name="testJsonResponseBodyData" time="0.033"/>
  <system-out/>
</testsuite> <!-- sdetqafour.ParsingJSONResponseData -->
