<?xml version="1.0" encoding="UTF-8"?>
<!-- Generated by org.testng.reporters.JUnitReportReporter -->
<testsuite hostname="Pagadala" failures="0" tests="1" name="sdetqathree.PathAndQueryParameters" time="2.470" errors="0" timestamp="2024-02-10T19:29:56 CST" skipped="0">
  <testcase classname="sdetqathree.PathAndQueryParameters" name="testQueryAndPathParameters" time="2.470"/>
  <system-out/>
</testsuite> <!-- sdetqathree.PathAndQueryParameters -->
