<?xml version="1.0" encoding="UTF-8"?>
<!-- Generated by org.testng.reporters.JUnitReportReporter -->
<testsuite hostname="Pagadala" failures="0" tests="4" name="sdetqaone.httprequests" time="3.920" errors="0" timestamp="2024-02-09T17:14:51 CST" skipped="0">
  <testcase classname="sdetqaone.httprequests" name="getUsers" time="2.455"/>
  <system-out/>
  <testcase classname="sdetqaone.httprequests" name="createUser" time="0.679"/>
  <system-out/>
  <testcase classname="sdetqaone.httprequests" name="updateUser" time="0.396"/>
  <system-out/>
  <testcase classname="sdetqaone.httprequests" name="deleteUser" time="0.390"/>
  <system-out/>
</testsuite> <!-- sdetqaone.httprequests -->
